2018-10-10 12:27:48,299 [Worker-4: Loading available Gradle versions] INFO  c.g.t.t.d.PublishedGradleVersions - Gradle version information cache is up-to-date. Trying to read.
2018-10-10 12:28:49,743 [Worker-9: Updating Maven Dependencies] INFO  o.e.m.c.i.l.LifecycleMappingFactory - Using org.maven.ide.eclipse.wtp.WarLifecycleMapping lifecycle mapping for MavenProject: com.bemeal:web:1.0.0-BUILD-SNAPSHOT @ C:\Users\1027\projectworkspace\bemeal\pom.xml.
2018-10-10 12:28:53,850 [Worker-14: Building workspace] INFO  o.e.m.c.i.l.LifecycleMappingFactory - Using org.maven.ide.eclipse.wtp.WarLifecycleMapping lifecycle mapping for MavenProject: com.bemeal:web:1.0.0-BUILD-SNAPSHOT @ C:\Users\1027\projectworkspace\bemeal\pom.xml.
2018-10-10 12:28:55,452 [Worker-14: Building workspace] WARN  o.e.m.c.i.embedder.EclipseLogger - Using platform encoding (MS949 actually) to copy filtered resources, i.e. build is platform dependent!
2018-10-10 12:28:55,468 [Worker-14: Building workspace] INFO  o.e.m.c.i.embedder.EclipseLogger - Copying 1 resource
2018-10-10 12:28:55,475 [Worker-14: Building workspace] WARN  o.e.m.c.i.embedder.EclipseLogger - Using platform encoding (MS949 actually) to copy filtered resources, i.e. build is platform dependent!
2018-10-10 12:28:55,476 [Worker-14: Building workspace] INFO  o.e.m.c.i.embedder.EclipseLogger - Copying 1 resource
2018-10-10 12:28:59,705 [Worker-12: Updating Maven Dependencies] INFO  o.e.m.c.i.l.LifecycleMappingFactory - Using org.maven.ide.eclipse.wtp.WarLifecycleMapping lifecycle mapping for MavenProject: com.bemeal:web:1.0.0-BUILD-SNAPSHOT @ C:\Users\1027\projectworkspace\bemeal\pom.xml.
2018-10-10 12:28:59,798 [Worker-10: Building workspace] WARN  o.e.m.c.i.embedder.EclipseLogger - Using platform encoding (MS949 actually) to copy filtered resources, i.e. build is platform dependent!
2018-10-10 12:28:59,802 [Worker-10: Building workspace] INFO  o.e.m.c.i.embedder.EclipseLogger - Copying 1 resource
2018-10-10 12:28:59,809 [Worker-10: Building workspace] WARN  o.e.m.c.i.embedder.EclipseLogger - Using platform encoding (MS949 actually) to copy filtered resources, i.e. build is platform dependent!
2018-10-10 12:28:59,810 [Worker-10: Building workspace] INFO  o.e.m.c.i.embedder.EclipseLogger - Copying 1 resource
2018-10-10 12:29:00,955 [Worker-12: Building workspace] WARN  o.e.m.c.i.embedder.EclipseLogger - Using platform encoding (MS949 actually) to copy filtered resources, i.e. build is platform dependent!
2018-10-10 12:29:00,957 [Worker-12: Building workspace] INFO  o.e.m.c.i.embedder.EclipseLogger - Copying 0 resource
2018-10-10 12:29:00,958 [Worker-12: Building workspace] WARN  o.e.m.c.i.embedder.EclipseLogger - Using platform encoding (MS949 actually) to copy filtered resources, i.e. build is platform dependent!
2018-10-10 12:29:00,959 [Worker-12: Building workspace] INFO  o.e.m.c.i.embedder.EclipseLogger - Copying 0 resource
2018-10-10 12:31:45,940 [Worker-18: Building workspace] WARN  o.e.m.c.i.embedder.EclipseLogger - Using platform encoding (MS949 actually) to copy filtered resources, i.e. build is platform dependent!
2018-10-10 12:31:45,941 [Worker-18: Building workspace] INFO  o.e.m.c.i.embedder.EclipseLogger - Copying 1 resource
2018-10-10 12:31:45,943 [Worker-18: Building workspace] WARN  o.e.m.c.i.embedder.EclipseLogger - Using platform encoding (MS949 actually) to copy filtered resources, i.e. build is platform dependent!
2018-10-10 12:31:45,944 [Worker-18: Building workspace] INFO  o.e.m.c.i.embedder.EclipseLogger - Copying 0 resource
2018-10-10 12:32:21,560 [Worker-18: Building workspace] WARN  o.e.m.c.i.embedder.EclipseLogger - Using platform encoding (MS949 actually) to copy filtered resources, i.e. build is platform dependent!
2018-10-10 12:32:21,566 [Worker-18: Building workspace] INFO  o.e.m.c.i.embedder.EclipseLogger - Copying 1 resource
2018-10-10 12:32:21,581 [Worker-18: Building workspace] WARN  o.e.m.c.i.embedder.EclipseLogger - Using platform encoding (MS949 actually) to copy filtered resources, i.e. build is platform dependent!
2018-10-10 12:32:21,582 [Worker-18: Building workspace] INFO  o.e.m.c.i.embedder.EclipseLogger - Copying 1 resource
2018-10-10 12:32:21,588 [Worker-18: Building workspace] INFO  o.e.m.w.i.f.ResourceFilteringBuildParticipant - Changed resources require a complete clean of filtered resources of bemeal
2018-10-10 12:32:21,589 [Worker-18: Building workspace] INFO  o.e.m.w.i.f.ResourceFilteringBuildParticipant - Executing resource filtering for bemeal
2018-10-10 12:32:21,605 [Worker-18: Building workspace] WARN  o.e.m.c.i.embedder.EclipseLogger - Using platform encoding (MS949 actually) to copy filtered resources, i.e. build is platform dependent!
2018-10-10 12:33:24,532 [Worker-21: Building workspace] WARN  o.e.m.c.i.embedder.EclipseLogger - Using platform encoding (MS949 actually) to copy filtered resources, i.e. build is platform dependent!
2018-10-10 12:33:24,533 [Worker-21: Building workspace] INFO  o.e.m.c.i.embedder.EclipseLogger - Copying 0 resource
2018-10-10 12:33:24,535 [Worker-21: Building workspace] WARN  o.e.m.c.i.embedder.EclipseLogger - Using platform encoding (MS949 actually) to copy filtered resources, i.e. build is platform dependent!
2018-10-10 12:33:24,536 [Worker-21: Building workspace] INFO  o.e.m.c.i.embedder.EclipseLogger - Copying 0 resource
2018-10-10 12:34:33,059 [Worker-20: Building workspace] WARN  o.e.m.c.i.embedder.EclipseLogger - Using platform encoding (MS949 actually) to copy filtered resources, i.e. build is platform dependent!
2018-10-10 12:34:33,063 [Worker-20: Building workspace] INFO  o.e.m.c.i.embedder.EclipseLogger - Copying 1 resource
2018-10-10 12:34:33,065 [Worker-20: Building workspace] WARN  o.e.m.c.i.embedder.EclipseLogger - Using platform encoding (MS949 actually) to copy filtered resources, i.e. build is platform dependent!
2018-10-10 12:34:33,082 [Worker-20: Building workspace] INFO  o.e.m.c.i.embedder.EclipseLogger - Copying 1 resource
2018-10-10 12:34:42,982 [Worker-17: Building Project bemeal] WARN  o.e.m.c.i.embedder.EclipseLogger - Using platform encoding (MS949 actually) to copy filtered resources, i.e. build is platform dependent!
2018-10-10 12:34:42,983 [Worker-17: Building Project bemeal] INFO  o.e.m.c.i.embedder.EclipseLogger - Copying 1 resource
2018-10-10 12:34:42,985 [Worker-17: Building Project bemeal] WARN  o.e.m.c.i.embedder.EclipseLogger - Using platform encoding (MS949 actually) to copy filtered resources, i.e. build is platform dependent!
2018-10-10 12:34:42,986 [Worker-17: Building Project bemeal] INFO  o.e.m.c.i.embedder.EclipseLogger - Copying 1 resource
2018-10-10 12:43:35,899 [Worker-2: Loading available Gradle versions] INFO  c.g.t.t.d.PublishedGradleVersions - Gradle version information cache is up-to-date. Trying to read.
2018-10-10 12:43:37,915 [Worker-7: reload maven project] INFO  o.e.m.c.i.e.AbstractTransferListenerAdapter - Downloaded https://repo.maven.apache.org/maven2/org/springframework/spring-context/${org.springframework-version}/spring-context-${org.springframework-version}.pom
2018-10-10 12:43:37,917 [Worker-7: reload maven project] WARN  o.e.m.c.i.embedder.EclipseLogger - The POM for org.springframework:spring-context:jar:${org.springframework-version} is missing, no dependency information available
2018-10-10 12:43:38,060 [Worker-7: reload maven project] INFO  o.e.m.c.i.e.AbstractTransferListenerAdapter - Downloaded https://repo.maven.apache.org/maven2/org/springframework/spring-webmvc/${org.springframework-version}/spring-webmvc-${org.springframework-version}.pom
2018-10-10 12:43:38,061 [Worker-7: reload maven project] WARN  o.e.m.c.i.embedder.EclipseLogger - The POM for org.springframework:spring-webmvc:jar:${org.springframework-version} is missing, no dependency information available
2018-10-10 12:43:38,201 [Worker-7: reload maven project] INFO  o.e.m.c.i.e.AbstractTransferListenerAdapter - Downloaded https://repo.maven.apache.org/maven2/org/aspectj/aspectjrt/${org.aspectj-version}/aspectjrt-${org.aspectj-version}.pom
2018-10-10 12:43:38,202 [Worker-7: reload maven project] WARN  o.e.m.c.i.embedder.EclipseLogger - The POM for org.aspectj:aspectjrt:jar:${org.aspectj-version} is missing, no dependency information available
2018-10-10 12:43:38,342 [Worker-7: reload maven project] INFO  o.e.m.c.i.e.AbstractTransferListenerAdapter - Downloaded https://repo.maven.apache.org/maven2/org/slf4j/slf4j-api/${org.slf4j-version}/slf4j-api-${org.slf4j-version}.pom
2018-10-10 12:43:38,343 [Worker-7: reload maven project] WARN  o.e.m.c.i.embedder.EclipseLogger - The POM for org.slf4j:slf4j-api:jar:${org.slf4j-version} is missing, no dependency information available
2018-10-10 12:43:38,497 [Worker-7: reload maven project] INFO  o.e.m.c.i.e.AbstractTransferListenerAdapter - Downloaded https://repo.maven.apache.org/maven2/org/slf4j/jcl-over-slf4j/${org.slf4j-version}/jcl-over-slf4j-${org.slf4j-version}.pom
2018-10-10 12:43:38,499 [Worker-7: reload maven project] WARN  o.e.m.c.i.embedder.EclipseLogger - The POM for org.slf4j:jcl-over-slf4j:jar:${org.slf4j-version} is missing, no dependency information available
2018-10-10 12:43:38,637 [Worker-7: reload maven project] INFO  o.e.m.c.i.e.AbstractTransferListenerAdapter - Downloaded https://repo.maven.apache.org/maven2/org/slf4j/slf4j-log4j12/${org.slf4j-version}/slf4j-log4j12-${org.slf4j-version}.pom
2018-10-10 12:43:38,638 [Worker-7: reload maven project] WARN  o.e.m.c.i.embedder.EclipseLogger - The POM for org.slf4j:slf4j-log4j12:jar:${org.slf4j-version} is missing, no dependency information available
2018-10-10 12:43:38,861 [Worker-7: reload maven project] INFO  o.e.m.c.i.e.AbstractTransferListenerAdapter - Downloaded https://repo.maven.apache.org/maven2/org/springframework/spring-context/${org.springframework-version}/spring-context-${org.springframework-version}.jar
2018-10-10 12:43:39,005 [Worker-7: reload maven project] INFO  o.e.m.c.i.e.AbstractTransferListenerAdapter - Downloaded https://repo.maven.apache.org/maven2/org/springframework/spring-webmvc/${org.springframework-version}/spring-webmvc-${org.springframework-version}.jar
